react refresh:37 Download the React DevTools for a better development experience: https://react.dev/link/react-devtools
(색인):1 Access to fetch at 'http://localhost:4000/api/profile' from origin 'http://localhost:3000' has been blocked by CORS policy: No 'Access-Control-Allow-Origin' header is present on the requested resource.
App.tsx:28  GET http://localhost:4000/api/profile net::ERR_FAILED 200 (OK)
fetchUser @ App.tsx:28
(익명) @ App.tsx:44
react_stack_bottom_frame @ react-dom-client.development.js:23953
runWithFiberInDEV @ react-dom-client.development.js:1518
commitHookEffectListMount @ react-dom-client.development.js:11886
commitHookPassiveMountEffects @ react-dom-client.development.js:12024
commitPassiveMountOnFiber @ react-dom-client.development.js:13840
recursivelyTraversePassiveMountEffects @ react-dom-client.development.js:13813
commitPassiveMountOnFiber @ react-dom-client.development.js:13957
recursivelyTraversePassiveMountEffects @ react-dom-client.development.js:13813
commitPassiveMountOnFiber @ react-dom-client.development.js:13853
flushPassiveEffects @ react-dom-client.development.js:15737
(익명) @ react-dom-client.development.js:15379
performWorkUntilDeadline @ scheduler.development.js:45
<App>
(익명) @ react-jsx-dev-runtime.development.js:336
./src/index.tsx @ index.tsx:11
(익명) @ react refresh:37
__webpack_require__ @ bootstrap:22
(익명) @ startup:7
(익명) @ startup:7
App.tsx:37 Error fetching user profile: TypeError: Failed to fetch
    at fetchUser (App.tsx:28:1)
    at App.tsx:44:1
    at Object.react_stack_bottom_frame (react-dom-client.development.js:23953:1)
    at runWithFiberInDEV (react-dom-client.development.js:1518:1)
    at commitHookEffectListMount (react-dom-client.development.js:11886:1)
    at commitHookPassiveMountEffects (react-dom-client.development.js:12024:1)
    at commitPassiveMountOnFiber (react-dom-client.development.js:13840:1)
    at recursivelyTraversePassiveMountEffects (react-dom-client.development.js:13813:1)
    at commitPassiveMountOnFiber (react-dom-client.development.js:13957:1)
    at recursivelyTraversePassiveMountEffects (react-dom-client.development.js:13813:1)
fetchUser @ App.tsx:37
await in fetchUser
(익명) @ App.tsx:44
react_stack_bottom_frame @ react-dom-client.development.js:23953
runWithFiberInDEV @ react-dom-client.development.js:1518
commitHookEffectListMount @ react-dom-client.development.js:11886
commitHookPassiveMountEffects @ react-dom-client.development.js:12024
commitPassiveMountOnFiber @ react-dom-client.development.js:13840
recursivelyTraversePassiveMountEffects @ react-dom-client.development.js:13813
commitPassiveMountOnFiber @ react-dom-client.development.js:13957
recursivelyTraversePassiveMountEffects @ react-dom-client.development.js:13813
commitPassiveMountOnFiber @ react-dom-client.development.js:13853
flushPassiveEffects @ react-dom-client.development.js:15737
(익명) @ react-dom-client.development.js:15379
performWorkUntilDeadline @ scheduler.development.js:45
<App>
(익명) @ react-jsx-dev-runtime.development.js:336
./src/index.tsx @ index.tsx:11
(익명) @ react refresh:37
__webpack_require__ @ bootstrap:22
(익명) @ startup:7
(익명) @ startup:7
(색인):1 Access to fetch at 'http://localhost:4000/api/profile' from origin 'http://localhost:3000' has been blocked by CORS policy: No 'Access-Control-Allow-Origin' header is present on the requested resource.
App.tsx:28  GET http://localhost:4000/api/profile net::ERR_FAILED 200 (OK)
fetchUser @ App.tsx:28
(익명) @ App.tsx:44
react_stack_bottom_frame @ react-dom-client.development.js:23953
runWithFiberInDEV @ react-dom-client.development.js:1518
commitHookEffectListMount @ react-dom-client.development.js:11886
commitHookPassiveMountEffects @ react-dom-client.development.js:12024
reconnectPassiveEffects @ react-dom-client.development.js:14004
recursivelyTraverseReconnectPassiveEffects @ react-dom-client.development.js:13975
reconnectPassiveEffects @ react-dom-client.development.js:14051
doubleInvokeEffectsOnFiber @ react-dom-client.development.js:15964
runWithFiberInDEV @ react-dom-client.development.js:1518
recursivelyTraverseAndDoubleInvokeEffectsInDEV @ react-dom-client.development.js:15925
commitDoubleInvokeEffectsInDEV @ react-dom-client.development.js:15977
flushPassiveEffects @ react-dom-client.development.js:15747
(익명) @ react-dom-client.development.js:15379
performWorkUntilDeadline @ scheduler.development.js:45
<App>
(익명) @ react-jsx-dev-runtime.development.js:336
./src/index.tsx @ index.tsx:11
(익명) @ react refresh:37
__webpack_require__ @ bootstrap:22
(익명) @ startup:7
(익명) @ startup:7
App.tsx:37 Error fetching user profile: TypeError: Failed to fetch
    at fetchUser (App.tsx:28:1)
    at App.tsx:44:1
    at Object.react_stack_bottom_frame (react-dom-client.development.js:23953:1)
    at runWithFiberInDEV (react-dom-client.development.js:1518:1)
    at commitHookEffectListMount (react-dom-client.development.js:11886:1)
    at commitHookPassiveMountEffects (react-dom-client.development.js:12024:1)
    at reconnectPassiveEffects (react-dom-client.development.js:14004:1)
    at recursivelyTraverseReconnectPassiveEffects (react-dom-client.development.js:13975:1)
    at reconnectPassiveEffects (react-dom-client.development.js:14051:1)
    at doubleInvokeEffectsOnFiber (react-dom-client.development.js:15964:1)
fetchUser @ App.tsx:37
await in fetchUser
(익명) @ App.tsx:44
react_stack_bottom_frame @ react-dom-client.development.js:23953
runWithFiberInDEV @ react-dom-client.development.js:1518
commitHookEffectListMount @ react-dom-client.development.js:11886
commitHookPassiveMountEffects @ react-dom-client.development.js:12024
reconnectPassiveEffects @ react-dom-client.development.js:14004
recursivelyTraverseReconnectPassiveEffects @ react-dom-client.development.js:13975
reconnectPassiveEffects @ react-dom-client.development.js:14051
doubleInvokeEffectsOnFiber @ react-dom-client.development.js:15964
runWithFiberInDEV @ react-dom-client.development.js:1518
recursivelyTraverseAndDoubleInvokeEffectsInDEV @ react-dom-client.development.js:15925
commitDoubleInvokeEffectsInDEV @ react-dom-client.development.js:15977
flushPassiveEffects @ react-dom-client.development.js:15747
(익명) @ react-dom-client.development.js:15379
performWorkUntilDeadline @ scheduler.development.js:45
<App>
(익명) @ react-jsx-dev-runtime.development.js:336
./src/index.tsx @ index.tsx:11
(익명) @ react refresh:37
__webpack_require__ @ bootstrap:22
(익명) @ startup:7
(익명) @ startup:7
(색인):1 Access to fetch at 'http://localhost:4000/api/rooms' from origin 'http://localhost:3000' has been blocked by CORS policy: No 'Access-Control-Allow-Origin' header is present on the requested resource.
Lobby.tsx:32  GET http://localhost:4000/api/rooms net::ERR_FAILED 404 (Not Found)
fetchRooms @ Lobby.tsx:32
(익명) @ Lobby.tsx:42
react_stack_bottom_frame @ react-dom-client.development.js:23953
runWithFiberInDEV @ react-dom-client.development.js:1518
commitHookEffectListMount @ react-dom-client.development.js:11886
commitHookPassiveMountEffects @ react-dom-client.development.js:12024
commitPassiveMountOnFiber @ react-dom-client.development.js:13840
recursivelyTraversePassiveMountEffects @ react-dom-client.development.js:13813
commitPassiveMountOnFiber @ react-dom-client.development.js:13957
recursivelyTraversePassiveMountEffects @ react-dom-client.development.js:13813
commitPassiveMountOnFiber @ react-dom-client.development.js:13834
recursivelyTraversePassiveMountEffects @ react-dom-client.development.js:13813
commitPassiveMountOnFiber @ react-dom-client.development.js:13957
recursivelyTraversePassiveMountEffects @ react-dom-client.development.js:13813
commitPassiveMountOnFiber @ react-dom-client.development.js:13853
flushPassiveEffects @ react-dom-client.development.js:15737
flushPendingEffects @ react-dom-client.development.js:15702
flushSpawnedWork @ react-dom-client.development.js:15668
commitRoot @ react-dom-client.development.js:15403
commitRootWhenReady @ react-dom-client.development.js:14652
performWorkOnRoot @ react-dom-client.development.js:14575
performSyncWorkOnRoot @ react-dom-client.development.js:16231
flushSyncWorkAcrossRoots_impl @ react-dom-client.development.js:16068
processRootScheduleInMicrotask @ react-dom-client.development.js:16116
(익명) @ react-dom-client.development.js:16245
<Lobby>
(익명) @ react-jsx-dev-runtime.development.js:336
renderContent @ App.tsx:99
App @ App.tsx:103
react_stack_bottom_frame @ react-dom-client.development.js:23863
renderWithHooksAgain @ react-dom-client.development.js:5629
renderWithHooks @ react-dom-client.development.js:5541
updateFunctionComponent @ react-dom-client.development.js:8897
beginWork @ react-dom-client.development.js:10522
runWithFiberInDEV @ react-dom-client.development.js:1518
performUnitOfWork @ react-dom-client.development.js:15130
workLoopSync @ react-dom-client.development.js:14956
renderRootSync @ react-dom-client.development.js:14936
performWorkOnRoot @ react-dom-client.development.js:14417
performSyncWorkOnRoot @ react-dom-client.development.js:16231
flushSyncWorkAcrossRoots_impl @ react-dom-client.development.js:16068
processRootScheduleInMicrotask @ react-dom-client.development.js:16116
(익명) @ react-dom-client.development.js:16245
<App>
(익명) @ react-jsx-dev-runtime.development.js:336
./src/index.tsx @ index.tsx:11
(익명) @ react refresh:37
__webpack_require__ @ bootstrap:22
(익명) @ startup:7
(익명) @ startup:7
Lobby.tsx:38 Error fetching rooms: TypeError: Failed to fetch
    at fetchRooms (Lobby.tsx:32:1)
    at Lobby.tsx:42:1
    at Object.react_stack_bottom_frame (react-dom-client.development.js:23953:1)
    at runWithFiberInDEV (react-dom-client.development.js:1518:1)
    at commitHookEffectListMount (react-dom-client.development.js:11886:1)
    at commitHookPassiveMountEffects (react-dom-client.development.js:12024:1)
    at commitPassiveMountOnFiber (react-dom-client.development.js:13840:1)
    at recursivelyTraversePassiveMountEffects (react-dom-client.development.js:13813:1)
    at commitPassiveMountOnFiber (react-dom-client.development.js:13957:1)
    at recursivelyTraversePassiveMountEffects (react-dom-client.development.js:13813:1)
fetchRooms @ Lobby.tsx:38
await in fetchRooms
(익명) @ Lobby.tsx:42
react_stack_bottom_frame @ react-dom-client.development.js:23953
runWithFiberInDEV @ react-dom-client.development.js:1518
commitHookEffectListMount @ react-dom-client.development.js:11886
commitHookPassiveMountEffects @ react-dom-client.development.js:12024
commitPassiveMountOnFiber @ react-dom-client.development.js:13840
recursivelyTraversePassiveMountEffects @ react-dom-client.development.js:13813
commitPassiveMountOnFiber @ react-dom-client.development.js:13957
recursivelyTraversePassiveMountEffects @ react-dom-client.development.js:13813
commitPassiveMountOnFiber @ react-dom-client.development.js:13834
recursivelyTraversePassiveMountEffects @ react-dom-client.development.js:13813
commitPassiveMountOnFiber @ react-dom-client.development.js:13957
recursivelyTraversePassiveMountEffects @ react-dom-client.development.js:13813
commitPassiveMountOnFiber @ react-dom-client.development.js:13853
flushPassiveEffects @ react-dom-client.development.js:15737
flushPendingEffects @ react-dom-client.development.js:15702
flushSpawnedWork @ react-dom-client.development.js:15668
commitRoot @ react-dom-client.development.js:15403
commitRootWhenReady @ react-dom-client.development.js:14652
performWorkOnRoot @ react-dom-client.development.js:14575
performSyncWorkOnRoot @ react-dom-client.development.js:16231
flushSyncWorkAcrossRoots_impl @ react-dom-client.development.js:16068
processRootScheduleInMicrotask @ react-dom-client.development.js:16116
(익명) @ react-dom-client.development.js:16245
<Lobby>
(익명) @ react-jsx-dev-runtime.development.js:336
renderContent @ App.tsx:99
App @ App.tsx:103
react_stack_bottom_frame @ react-dom-client.development.js:23863
renderWithHooksAgain @ react-dom-client.development.js:5629
renderWithHooks @ react-dom-client.development.js:5541
updateFunctionComponent @ react-dom-client.development.js:8897
beginWork @ react-dom-client.development.js:10522
runWithFiberInDEV @ react-dom-client.development.js:1518
performUnitOfWork @ react-dom-client.development.js:15130
workLoopSync @ react-dom-client.development.js:14956
renderRootSync @ react-dom-client.development.js:14936
performWorkOnRoot @ react-dom-client.development.js:14417
performSyncWorkOnRoot @ react-dom-client.development.js:16231
flushSyncWorkAcrossRoots_impl @ react-dom-client.development.js:16068
processRootScheduleInMicrotask @ react-dom-client.development.js:16116
(익명) @ react-dom-client.development.js:16245
<App>
(익명) @ react-jsx-dev-runtime.development.js:336
./src/index.tsx @ index.tsx:11
(익명) @ react refresh:37
__webpack_require__ @ bootstrap:22
(익명) @ startup:7
(익명) @ startup:7
(색인):1 Access to fetch at 'http://localhost:4000/api/rooms' from origin 'http://localhost:3000' has been blocked by CORS policy: No 'Access-Control-Allow-Origin' header is present on the requested resource.
Lobby.tsx:32  GET http://localhost:4000/api/rooms net::ERR_FAILED 404 (Not Found)
fetchRooms @ Lobby.tsx:32
(익명) @ Lobby.tsx:42
react_stack_bottom_frame @ react-dom-client.development.js:23953
runWithFiberInDEV @ react-dom-client.development.js:1518
commitHookEffectListMount @ react-dom-client.development.js:11886
commitHookPassiveMountEffects @ react-dom-client.development.js:12024
reconnectPassiveEffects @ react-dom-client.development.js:14004
doubleInvokeEffectsOnFiber @ react-dom-client.development.js:15964
runWithFiberInDEV @ react-dom-client.development.js:1518
recursivelyTraverseAndDoubleInvokeEffectsInDEV @ react-dom-client.development.js:15925
recursivelyTraverseAndDoubleInvokeEffectsInDEV @ react-dom-client.development.js:15925
recursivelyTraverseAndDoubleInvokeEffectsInDEV @ react-dom-client.development.js:15925
recursivelyTraverseAndDoubleInvokeEffectsInDEV @ react-dom-client.development.js:15925
commitDoubleInvokeEffectsInDEV @ react-dom-client.development.js:15977
flushPassiveEffects @ react-dom-client.development.js:15747
flushPendingEffects @ react-dom-client.development.js:15702
flushSpawnedWork @ react-dom-client.development.js:15668
commitRoot @ react-dom-client.development.js:15403
commitRootWhenReady @ react-dom-client.development.js:14652
performWorkOnRoot @ react-dom-client.development.js:14575
performSyncWorkOnRoot @ react-dom-client.development.js:16231
flushSyncWorkAcrossRoots_impl @ react-dom-client.development.js:16068
processRootScheduleInMicrotask @ react-dom-client.development.js:16116
(익명) @ react-dom-client.development.js:16245
<Lobby>
(익명) @ react-jsx-dev-runtime.development.js:336
renderContent @ App.tsx:99
App @ App.tsx:103
react_stack_bottom_frame @ react-dom-client.development.js:23863
renderWithHooksAgain @ react-dom-client.development.js:5629
renderWithHooks @ react-dom-client.development.js:5541
updateFunctionComponent @ react-dom-client.development.js:8897
beginWork @ react-dom-client.development.js:10522
runWithFiberInDEV @ react-dom-client.development.js:1518
performUnitOfWork @ react-dom-client.development.js:15130
workLoopSync @ react-dom-client.development.js:14956
renderRootSync @ react-dom-client.development.js:14936
performWorkOnRoot @ react-dom-client.development.js:14417
performSyncWorkOnRoot @ react-dom-client.development.js:16231
flushSyncWorkAcrossRoots_impl @ react-dom-client.development.js:16068
processRootScheduleInMicrotask @ react-dom-client.development.js:16116
(익명) @ react-dom-client.development.js:16245
<App>
(익명) @ react-jsx-dev-runtime.development.js:336
./src/index.tsx @ index.tsx:11
(익명) @ react refresh:37
__webpack_require__ @ bootstrap:22
(익명) @ startup:7
(익명) @ startup:7
Lobby.tsx:38 Error fetching rooms: TypeError: Failed to fetch
    at fetchRooms (Lobby.tsx:32:1)
    at Lobby.tsx:42:1
    at Object.react_stack_bottom_frame (react-dom-client.development.js:23953:1)
    at runWithFiberInDEV (react-dom-client.development.js:1518:1)
    at commitHookEffectListMount (react-dom-client.development.js:11886:1)
    at commitHookPassiveMountEffects (react-dom-client.development.js:12024:1)
    at reconnectPassiveEffects (react-dom-client.development.js:14004:1)
    at doubleInvokeEffectsOnFiber (react-dom-client.development.js:15964:1)
    at runWithFiberInDEV (react-dom-client.development.js:1518:1)
    at recursivelyTraverseAndDoubleInvokeEffectsInDEV (react-dom-client.development.js:15925:1)
fetchRooms @ Lobby.tsx:38
await in fetchRooms
(익명) @ Lobby.tsx:42
react_stack_bottom_frame @ react-dom-client.development.js:23953
runWithFiberInDEV @ react-dom-client.development.js:1518
commitHookEffectListMount @ react-dom-client.development.js:11886
commitHookPassiveMountEffects @ react-dom-client.development.js:12024
reconnectPassiveEffects @ react-dom-client.development.js:14004
doubleInvokeEffectsOnFiber @ react-dom-client.development.js:15964
runWithFiberInDEV @ react-dom-client.development.js:1518
recursivelyTraverseAndDoubleInvokeEffectsInDEV @ react-dom-client.development.js:15925
recursivelyTraverseAndDoubleInvokeEffectsInDEV @ react-dom-client.development.js:15925
recursivelyTraverseAndDoubleInvokeEffectsInDEV @ react-dom-client.development.js:15925
recursivelyTraverseAndDoubleInvokeEffectsInDEV @ react-dom-client.development.js:15925
commitDoubleInvokeEffectsInDEV @ react-dom-client.development.js:15977
flushPassiveEffects @ react-dom-client.development.js:15747
flushPendingEffects @ react-dom-client.development.js:15702
flushSpawnedWork @ react-dom-client.development.js:15668
commitRoot @ react-dom-client.development.js:15403
commitRootWhenReady @ react-dom-client.development.js:14652
performWorkOnRoot @ react-dom-client.development.js:14575
performSyncWorkOnRoot @ react-dom-client.development.js:16231
flushSyncWorkAcrossRoots_impl @ react-dom-client.development.js:16068
processRootScheduleInMicrotask @ react-dom-client.development.js:16116
(익명) @ react-dom-client.development.js:16245
<Lobby>
(익명) @ react-jsx-dev-runtime.development.js:336
renderContent @ App.tsx:99
App @ App.tsx:103
react_stack_bottom_frame @ react-dom-client.development.js:23863
renderWithHooksAgain @ react-dom-client.development.js:5629
renderWithHooks @ react-dom-client.development.js:5541
updateFunctionComponent @ react-dom-client.development.js:8897
beginWork @ react-dom-client.development.js:10522
runWithFiberInDEV @ react-dom-client.development.js:1518
performUnitOfWork @ react-dom-client.development.js:15130
workLoopSync @ react-dom-client.development.js:14956
renderRootSync @ react-dom-client.development.js:14936
performWorkOnRoot @ react-dom-client.development.js:14417
performSyncWorkOnRoot @ react-dom-client.development.js:16231
flushSyncWorkAcrossRoots_impl @ react-dom-client.development.js:16068
processRootScheduleInMicrotask @ react-dom-client.development.js:16116
(익명) @ react-dom-client.development.js:16245
<App>
(익명) @ react-jsx-dev-runtime.development.js:336
./src/index.tsx @ index.tsx:11
(익명) @ react refresh:37
__webpack_require__ @ bootstrap:22
(익명) @ startup:7
(익명) @ startup:7
